app/build/intermediates/manifest_merge_blame_file/debug/manifest-merger-blame-debug-report.txt
1<?xml version="1.0" encoding="utf-8"?>
2<manifest xmlns:android="http://schemas.android.com/apk/res/android"
3    package="com.sec.datacheck"
4    android:versionCode="1"
5    android:versionName="1.0" >
6
7    <uses-sdk
8        android:minSdkVersion="19"
8-->src\main\AndroidManifest.xml
9        android:targetSdkVersion="29" />
9-->src\main\AndroidManifest.xml
10
11    <uses-permission android:name="android.permission.ACCESS_WIFI_STATE" />
11-->src\main\AndroidManifest.xml:6:5-76
11-->src\main\AndroidManifest.xml:6:22-73
12
13    <uses-feature android:name="android.hardware.camera" />
13-->src\main\AndroidManifest.xml:8:5-60
13-->src\main\AndroidManifest.xml:8:19-57
14
15    <uses-permission android:name="com.android.launcher.permission.INSTALL_SHORTCUT" />
15-->src\main\AndroidManifest.xml:10:5-88
15-->src\main\AndroidManifest.xml:10:22-85
16    <uses-permission android:name="android.permission.ACCESS_COARSE_LOCATION" />
16-->src\main\AndroidManifest.xml:11:5-81
16-->src\main\AndroidManifest.xml:11:22-78
17    <uses-permission android:name="android.permission.INTERNET" />
17-->src\main\AndroidManifest.xml:12:5-67
17-->src\main\AndroidManifest.xml:12:22-64
18    <uses-permission android:name="android.permission.WRITE_EXTERNAL_STORAGE" />
18-->src\main\AndroidManifest.xml:13:5-81
18-->src\main\AndroidManifest.xml:13:22-78
19    <uses-permission android:name="android.permission.READ_EXTERNAL_STORAGE" />
19-->src\main\AndroidManifest.xml:14:5-80
19-->src\main\AndroidManifest.xml:14:22-77
20    <uses-permission android:name="android.permission.ACCESS_FINE_LOCATION" />
20-->src\main\AndroidManifest.xml:15:5-79
20-->src\main\AndroidManifest.xml:15:22-76
21    <uses-permission android:name="android.permission.ACCESS_NETWORK_STATE" />
21-->src\main\AndroidManifest.xml:16:5-79
21-->src\main\AndroidManifest.xml:16:22-76
22    <uses-permission android:name="android.permission.WAKE_LOCK" />
22-->src\main\AndroidManifest.xml:17:5-68
22-->src\main\AndroidManifest.xml:17:22-65
23    <uses-permission android:name="android.permission.READ_PHONE_STATE" />
23-->src\main\AndroidManifest.xml:18:5-75
23-->src\main\AndroidManifest.xml:18:22-72
24    <uses-permission android:name="android.permission.RECORD_AUDIO" />
24-->src\main\AndroidManifest.xml:19:5-71
24-->src\main\AndroidManifest.xml:19:22-68
25    <uses-permission android:name="com.android.example.USB_PERMISSION" />
25-->src\main\AndroidManifest.xml:20:5-74
25-->src\main\AndroidManifest.xml:20:22-71
26
27    <uses-feature
27-->src\main\AndroidManifest.xml:22:5-24:35
28        android:glEsVersion="0x00020000"
28-->src\main\AndroidManifest.xml:23:9-41
29        android:required="true" />
29-->src\main\AndroidManifest.xml:24:9-32
30
31    <application
31-->src\main\AndroidManifest.xml:26:5-70:19
32        android:name="com.sec.datacheck.checkdata.model.models.DataCollectionApplication"
32-->src\main\AndroidManifest.xml:27:9-90
33        android:allowBackup="true"
33-->src\main\AndroidManifest.xml:28:9-35
34        android:appComponentFactory="androidx.core.app.CoreComponentFactory"
34-->[androidx.core:core:1.1.0] AndroidManifest.xml:24:18-86
35        android:debuggable="true"
36        android:icon="@mipmap/ic_launcher"
36-->src\main\AndroidManifest.xml:29:9-43
37        android:label="@string/app_name"
37-->src\main\AndroidManifest.xml:30:9-41
38        android:roundIcon="@mipmap/ic_launcher"
38-->src\main\AndroidManifest.xml:31:9-48
39        android:supportsRtl="false"
39-->src\main\AndroidManifest.xml:32:9-36
40        android:theme="@style/AppTheme"
40-->src\main\AndroidManifest.xml:33:9-40
41        android:usesCleartextTraffic="true" >
41-->src\main\AndroidManifest.xml:34:9-44
42        <activity
42-->src\main\AndroidManifest.xml:37:9-40:63
43            android:name="com.sec.datacheck.NavigateActivity"
43-->src\main\AndroidManifest.xml:38:13-62
44            android:configChanges="orientation|keyboardHidden|keyboard|fontScale|navigation"
44-->src\main\AndroidManifest.xml:39:13-93
45            android:theme="@style/Theme.Design.NoActionBar" />
45-->src\main\AndroidManifest.xml:40:13-60
46        <activity
46-->src\main\AndroidManifest.xml:41:9-50:20
47            android:name="com.sec.datacheck.splash.SplashActivity"
47-->src\main\AndroidManifest.xml:42:13-67
48            android:configChanges="orientation|keyboardHidden|keyboard|fontScale|navigation"
48-->src\main\AndroidManifest.xml:43:13-93
49            android:theme="@style/Theme.Design.NoActionBar" >
49-->src\main\AndroidManifest.xml:44:13-60
50            <intent-filter android:label="singleInstance" >
50-->src\main\AndroidManifest.xml:45:13-49:29
50-->src\main\AndroidManifest.xml:45:28-58
51                <action android:name="android.intent.action.MAIN" />
51-->src\main\AndroidManifest.xml:46:17-69
51-->src\main\AndroidManifest.xml:46:25-66
52
53                <category android:name="android.intent.category.LAUNCHER" />
53-->src\main\AndroidManifest.xml:48:17-77
53-->src\main\AndroidManifest.xml:48:27-74
54            </intent-filter>
55        </activity>
56
57        <provider
57-->src\main\AndroidManifest.xml:52:9-63:20
58            android:name="androidx.core.content.FileProvider"
58-->src\main\AndroidManifest.xml:53:13-62
59            android:authorities="@string/app_package_name"
59-->src\main\AndroidManifest.xml:54:13-59
60            android:enabled="true"
60-->src\main\AndroidManifest.xml:55:13-35
61            android:exported="false"
61-->src\main\AndroidManifest.xml:56:13-37
62            android:grantUriPermissions="true" >
62-->src\main\AndroidManifest.xml:57:13-47
63            <meta-data
63-->src\main\AndroidManifest.xml:58:13-62:54
64                android:name="android.support.FILE_PROVIDER_PATHS"
64-->src\main\AndroidManifest.xml:59:17-67
65                android:enabled="true"
65-->src\main\AndroidManifest.xml:60:17-39
66                android:exported="true"
66-->src\main\AndroidManifest.xml:61:17-40
67                android:resource="@xml/file_paths" />
67-->src\main\AndroidManifest.xml:62:17-51
68        </provider>
69
70        <activity
70-->src\main\AndroidManifest.xml:65:9-69:46
71            android:name="com.sec.datacheck.checkdata.view.activities.map.MapActivity"
71-->src\main\AndroidManifest.xml:66:13-87
72            android:configChanges="orientation|keyboardHidden|keyboard|fontScale|navigation"
72-->src\main\AndroidManifest.xml:67:13-93
73            android:label="@string/home"
73-->src\main\AndroidManifest.xml:68:13-41
74            android:theme="@style/AppTheme" />
74-->src\main\AndroidManifest.xml:69:13-44
75
76        <provider
76-->[com.squareup.picasso:picasso:2.71828] AndroidManifest.xml:8:9-11:40
77            android:name="com.squareup.picasso.PicassoProvider"
77-->[com.squareup.picasso:picasso:2.71828] AndroidManifest.xml:9:13-64
78            android:authorities="com.sec.datacheck.com.squareup.picasso"
78-->[com.squareup.picasso:picasso:2.71828] AndroidManifest.xml:10:13-72
79            android:exported="false" />
79-->[com.squareup.picasso:picasso:2.71828] AndroidManifest.xml:11:13-37
80
81        <activity
81-->[com.google.android.gms:play-services-base:17.0.0] AndroidManifest.xml:23:9-26:75
82            android:name="com.google.android.gms.common.api.GoogleApiActivity"
82-->[com.google.android.gms:play-services-base:17.0.0] AndroidManifest.xml:24:13-79
83            android:exported="false"
83-->[com.google.android.gms:play-services-base:17.0.0] AndroidManifest.xml:25:13-37
84            android:theme="@android:style/Theme.Translucent.NoTitleBar" />
84-->[com.google.android.gms:play-services-base:17.0.0] AndroidManifest.xml:26:13-72
85
86        <meta-data
86-->[com.google.android.gms:play-services-basement:17.0.0] AndroidManifest.xml:23:9-25:69
87            android:name="com.google.android.gms.version"
87-->[com.google.android.gms:play-services-basement:17.0.0] AndroidManifest.xml:24:13-58
88            android:value="@integer/google_play_services_version" />
88-->[com.google.android.gms:play-services-basement:17.0.0] AndroidManifest.xml:25:13-66
89    </application>
90
91</manifest>